=== STARTING COMPLETE DOUBLE-LANGUAGE TRANSLATION RUNNER ===
[2026-05-31T10:38:19.595Z] Loading translate.js...
[2026-05-31T10:38:19.774Z] Index translation script loaded successfully.
[2026-05-31T10:38:19.774Z] Loading translate-sections.js...
[TRANS] [2026-05-31T10:38:19.776Z] STARTING HIGH-FIDELITY SECTION-BY-SECTION CHAPTER TRANSLATION ENGINE...
[TRANS] [2026-05-31T10:38:19.777Z] Found 28 chapter files for translating.
[TRANS] [2026-05-31T10:38:19.777Z] [CHAPTER PROGRESS] Beginning Chapter: obj1_1_security_controls.html
[TRANS] [2026-05-31T10:38:19.778Z] Starting translation of chapter "obj1_1_security_controls"...
[TRANS] [2026-05-31T10:38:19.780Z]   Translating section "intro" for "obj1_1_security_controls"...
[2026-05-31T10:38:19.781Z] Chapter sections translation script loaded successfully.
[TRANS] [2026-05-31T10:38:31.219Z]   Translating section "categorie" for "obj1_1_security_controls"...
[TRANS] [2026-05-31T10:38:42.549Z]   Translating section "tipi" for "obj1_1_security_controls"...
[TRANS] [2026-05-31T10:38:53.884Z]   Translating section "matrice" for "obj1_1_security_controls"...
[TRANS] [2026-05-31T10:39:05.119Z]   Translating section "insidie" for "obj1_1_security_controls"...
[TRANS] [2026-05-31T10:39:16.306Z]   Translating section "quiz-section" for "obj1_1_security_controls"...
[TRANS] [2026-05-31T10:39:27.488Z]   Translating section "flashcard" for "obj1_1_security_controls"...
[TRANS] [2026-05-31T10:39:38.660Z] Successfully saved fully English translated and styled: chapters/en/obj1_1_security_controls.html
[TRANS] [2026-05-31T10:39:38.660Z] [CHAPTER SAVED SUCCESSFULLY] chapters/en/obj1_1_security_controls.html
[TRANS] [2026-05-31T10:39:43.662Z] [CHAPTER PROGRESS] Beginning Chapter: obj1_2_fundamental_concepts.html
[TRANS] [2026-05-31T10:39:43.662Z] Starting translation of chapter "obj1_2_fundamental_concepts"...
[TRANS] [2026-05-31T10:39:43.664Z]   Translating section "cia" for "obj1_2_fundamental_concepts"...
[TRANS] [2026-05-31T10:39:54.894Z]   Translating section "non-repudiation" for "obj1_2_fundamental_concepts"...
[TRANS] [2026-05-31T10:40:06.058Z]   Translating section "aaa-intro" for "obj1_2_fundamental_concepts"...
[TRANS] [2026-05-31T10:40:17.245Z]   Translating section "gap-analysis" for "obj1_2_fundamental_concepts"...
[TRANS] [2026-05-31T10:40:28.457Z]   Translating section "zt-intro" for "obj1_2_fundamental_concepts"...
[TRANS] [2026-05-31T10:40:39.632Z]   Translating section "physical" for "obj1_2_fundamental_concepts"...
[TRANS] [2026-05-31T10:40:50.936Z]   Translating section "deception" for "obj1_2_fundamental_concepts"...
[TRANS] [2026-05-31T10:41:02.115Z]   Translating section "quiz-section" for "obj1_2_fundamental_concepts"...
[TRANS] [2026-05-31T10:41:13.296Z]   Translating section "flashcard" for "obj1_2_fundamental_concepts"...
[TRANS] [2026-05-31T10:41:24.472Z] Successfully saved fully English translated and styled: chapters/en/obj1_2_fundamental_concepts.html
[TRANS] [2026-05-31T10:41:24.473Z] [CHAPTER SAVED SUCCESSFULLY] chapters/en/obj1_2_fundamental_concepts.html
[TRANS] [2026-05-31T10:41:29.473Z] [CHAPTER PROGRESS] Beginning Chapter: obj1_3_change_management.html
[TRANS] [2026-05-31T10:41:29.473Z] Starting translation of chapter "obj1_3_change_management"...
[TRANS] [2026-05-31T10:41:29.474Z]   Translating section "intro" for "obj1_3_change_management"...
[TRANS] [2026-05-31T10:41:40.830Z]   Translating section "business-processes" for "obj1_3_change_management"...
[TRANS] [2026-05-31T10:41:52.030Z]   Translating section "technical-implications" for "obj1_3_change_management"...
[TRANS] [2026-05-31T10:42:03.227Z]   Translating section "documentation" for "obj1_3_change_management"...
[TRANS] [2026-05-31T10:42:14.420Z]   Translating section "quiz-section" for "obj1_3_change_management"...
[TRANS] [2026-05-31T10:42:25.722Z]   Translating section "flashcard" for "obj1_3_change_management"...
[TRANS] [2026-05-31T10:42:36.922Z] Successfully saved fully English translated and styled: chapters/en/obj1_3_change_management.html
[TRANS] [2026-05-31T10:42:36.922Z] [CHAPTER SAVED SUCCESSFULLY] chapters/en/obj1_3_change_management.html
[TRANS] [2026-05-31T10:42:41.924Z] [CHAPTER PROGRESS] Beginning Chapter: obj1_4_cryptography.html
[TRANS] [2026-05-31T10:42:41.925Z] Starting translation of chapter "obj1_4_cryptography"...
[TRANS] [2026-05-31T10:42:41.925Z]   Translating section "intro" for "obj1_4_cryptography"...
[TRANS] [2026-05-31T10:42:53.117Z]   Translating section "hashing" for "obj1_4_cryptography"...
[TRANS] [2026-05-31T10:43:04.302Z]   Translating section "symmetric" for "obj1_4_cryptography"...
[TRANS] [2026-05-31T10:43:15.459Z]   Translating section "asymmetric" for "obj1_4_cryptography"...
[TRANS] [2026-05-31T10:43:26.766Z]   Translating section "hybrid" for "obj1_4_cryptography"...
[TRANS] [2026-05-31T10:43:37.971Z]   Translating section "pki" for "obj1_4_cryptography"...
[TRANS] [2026-05-31T10:43:49.275Z]   Translating section "revocation" for "obj1_4_cryptography"...
[TRANS] [2026-05-31T10:44:00.492Z]   Translating section "certificates" for "obj1_4_cryptography"...
[TRANS] [2026-05-31T10:44:11.700Z]   Translating section "hardware" for "obj1_4_cryptography"...
[TRANS] [2026-05-31T10:44:22.994Z]   Translating section "techniques" for "obj1_4_cryptography"...
[TRANS] [2026-05-31T10:44:34.196Z]   Translating section "quiz-section" for "obj1_4_cryptography"...
[TRANS] [2026-05-31T10:44:45.380Z]   Translating section "flashcard" for "obj1_4_cryptography"...
[TRANS] [2026-05-31T10:44:56.567Z] Successfully saved fully English translated and styled: chapters/en/obj1_4_cryptography.html
[TRANS] [2026-05-31T10:44:56.568Z] [CHAPTER SAVED SUCCESSFULLY] chapters/en/obj1_4_cryptography.html
[TRANS] [2026-05-31T10:45:01.569Z] [CHAPTER PROGRESS] Beginning Chapter: obj2_1_threat_actors.html
[TRANS] [2026-05-31T10:45:01.570Z] Starting translation of chapter "obj2_1_threat_actors"...
[TRANS] [2026-05-31T10:45:01.570Z]   Translating section "intro" for "obj2_1_threat_actors"...
[TRANS] [2026-05-31T10:45:12.757Z]   Translating section "threat-actors" for "obj2_1_threat_actors"...
[TRANS] [2026-05-31T10:45:23.926Z]   Translating section "attributi-section" for "obj2_1_threat_actors"...
[TRANS] [2026-05-31T10:45:35.103Z]   Translating section "motivazioni-section" for "obj2_1_threat_actors"...
[TRANS] [2026-05-31T10:45:46.410Z]   Translating section "matrice" for "obj2_1_threat_actors"...
[TRANS] [2026-05-31T10:45:57.629Z]   Translating section "quiz-section" for "obj2_1_threat_actors"...
[TRANS] [2026-05-31T10:46:08.824Z]   Translating section "flashcard" for "obj2_1_threat_actors"...
[TRANS] [2026-05-31T10:46:19.988Z] Successfully saved fully English translated and styled: chapters/en/obj2_1_threat_actors.html
[TRANS] [2026-05-31T10:46:19.989Z] [CHAPTER SAVED SUCCESSFULLY] chapters/en/obj2_1_threat_actors.html
[TRANS] [2026-05-31T10:46:24.990Z] [CHAPTER PROGRESS] Beginning Chapter: obj2_2_threat_vectors.html
[TRANS] [2026-05-31T10:46:24.991Z] Starting translation of chapter "obj2_2_threat_vectors"...
[TRANS] [2026-05-31T10:46:24.991Z]   Translating section "intro" for "obj2_2_threat_vectors"...
[TRANS] [2026-05-31T10:46:36.187Z]   Translating section "vectors" for "obj2_2_threat_vectors"...
[TRANS] [2026-05-31T10:46:47.379Z]   Translating section "social-eng" for "obj2_2_threat_vectors"...
[TRANS] [2026-05-31T10:46:58.553Z]   Translating section "bec" for "obj2_2_threat_vectors"...
[TRANS] [2026-05-31T10:47:09.763Z]   Translating section "network-attacks" for "obj2_2_threat_vectors"...
[TRANS] [2026-05-31T10:47:20.939Z]   Translating section "dns-attacks" for "obj2_2_threat_vectors"...
[TRANS] [2026-05-31T10:47:32.129Z]   Translating section "hardware-risk" for "obj2_2_threat_vectors"...
[TRANS] [2026-05-31T10:47:43.318Z]   Translating section "notable-malware" for "obj2_2_threat_vectors"...
[TRANS] [2026-05-31T10:47:54.616Z]   Translating section "quiz-section" for "obj2_2_threat_vectors"...
[TRANS] [2026-05-31T10:48:05.918Z]   Translating section "flashcard" for "obj2_2_threat_vectors"...
[TRANS] [2026-05-31T10:48:17.095Z] Successfully saved fully English translated and styled: chapters/en/obj2_2_threat_vectors.html
[TRANS] [2026-05-31T10:48:17.095Z] [CHAPTER SAVED SUCCESSFULLY] chapters/en/obj2_2_threat_vectors.html
[TRANS] [2026-05-31T10:48:22.096Z] [CHAPTER PROGRESS] Beginning Chapter: obj2_3_vulnerabilities.html
[TRANS] [2026-05-31T10:48:22.096Z] Starting translation of chapter "obj2_3_vulnerabilities"...
[TRANS] [2026-05-31T10:48:22.098Z]   Translating section "intro-concepts" for "obj2_3_vulnerabilities"...
[TRANS] [2026-05-31T10:48:33.320Z]   Translating section "actors-interaction" for "obj2_3_vulnerabilities"...
[TRANS] [2026-05-31T10:48:44.482Z]   Translating section "app-vulns" for "obj2_3_vulnerabilities"...
[TRANS] [2026-05-31T10:48:55.706Z]   Translating section "web-vulns" for "obj2_3_vulnerabilities"...
[TRANS] [2026-05-31T10:49:07.036Z]   Translating section "hw-os-vulns" for "obj2_3_vulnerabilities"...
[TRANS] [2026-05-31T10:49:18.337Z]   Translating section "virt-vulns" for "obj2_3_vulnerabilities"...
[TRANS] [2026-05-31T10:49:29.513Z]   Translating section "supply-chain-cloud" for "obj2_3_vulnerabilities"...
[TRANS] [2026-05-31T10:49:40.716Z]   Translating section "crypto-config" for "obj2_3_vulnerabilities"...
[TRANS] [2026-05-31T10:49:51.912Z]   Translating section "mobile-vulns" for "obj2_3_vulnerabilities"...
[TRANS] [2026-05-31T10:50:03.125Z]   Translating section "zero-day-section" for "obj2_3_vulnerabilities"...
[TRANS] [2026-05-31T10:50:14.337Z]   Translating section "quiz-section" for "obj2_3_vulnerabilities"...
[TRANS] [2026-05-31T10:50:25.498Z]   Translating section "flashcard" for "obj2_3_vulnerabilities"...
[TRANS] [2026-05-31T10:50:36.679Z] Successfully saved fully English translated and styled: chapters/en/obj2_3_vulnerabilities.html
[TRANS] [2026-05-31T10:50:36.679Z] [CHAPTER SAVED SUCCESSFULLY] chapters/en/obj2_3_vulnerabilities.html
[TRANS] [2026-05-31T10:50:41.680Z] [CHAPTER PROGRESS] Beginning Chapter: obj2_4_malicious_activity.html
[TRANS] [2026-05-31T10:50:41.680Z] Starting translation of chapter "obj2_4_malicious_activity"...
[TRANS] [2026-05-31T10:50:41.683Z]   Translating section "intro" for "obj2_4_malicious_activity"...
[TRANS] [2026-05-31T10:50:52.845Z]   Translating section "malware" for "obj2_4_malicious_activity"...
[TRANS] [2026-05-31T10:51:04.031Z]   Translating section "physical-attacks" for "obj2_4_malicious_activity"...
[TRANS] [2026-05-31T10:51:15.197Z]   Translating section "network-attacks" for "obj2_4_malicious_activity"...
[TRANS] [2026-05-31T10:51:26.369Z]   Translating section "app-attacks" for "obj2_4_malicious_activity"...
[TRANS] [2026-05-31T10:51:37.557Z]   Translating section "crypto-attacks-section" for "obj2_4_malicious_activity"...
[TRANS] [2026-05-31T10:51:48.782Z]   Translating section "password-attacks" for "obj2_4_malicious_activity"...
[TRANS] [2026-05-31T10:51:59.967Z]   Translating section "indicators-section" for "obj2_4_malicious_activity"...
[TRANS] [2026-05-31T10:52:11.270Z]   Translating section "quiz-section" for "obj2_4_malicious_activity"...
[TRANS] [2026-05-31T10:52:22.448Z]   Translating section "flashcard" for "obj2_4_malicious_activity"...
[TRANS] [2026-05-31T10:52:33.717Z] Successfully saved fully English translated and styled: chapters/en/obj2_4_malicious_activity.html
[TRANS] [2026-05-31T10:52:33.717Z] [CHAPTER SAVED SUCCESSFULLY] chapters/en/obj2_4_malicious_activity.html
[TRANS] [2026-05-31T10:52:38.718Z] [CHAPTER PROGRESS] Beginning Chapter: obj2_5_mitigation.html
[TRANS] [2026-05-31T10:52:38.718Z] Starting translation of chapter "obj2_5_mitigation"...
[TRANS] [2026-05-31T10:52:38.719Z]   Translating section "intro" for "obj2_5_mitigation"...
[TRANS] [2026-05-31T10:52:49.909Z]   Translating section "architettura" for "obj2_5_mitigation"...
[TRANS] [2026-05-31T10:53:01.117Z]   Translating section "access-control" for "obj2_5_mitigation"...
[TRANS] [2026-05-31T10:53:12.307Z]   Translating section "operations" for "obj2_5_mitigation"...
[TRANS] [2026-05-31T10:53:23.527Z]   Translating section "hardening" for "obj2_5_mitigation"...
[TRANS] [2026-05-31T10:53:34.734Z]   Translating section "matrice" for "obj2_5_mitigation"...
[TRANS] [2026-05-31T10:53:45.901Z]   Translating section "quiz-section" for "obj2_5_mitigation"...
[TRANS] [2026-05-31T10:53:57.089Z]   Translating section "flashcard" for "obj2_5_mitigation"...
[TRANS] [2026-05-31T10:54:08.306Z] Successfully saved fully English translated and styled: chapters/en/obj2_5_mitigation.html
[TRANS] [2026-05-31T10:54:08.306Z] [CHAPTER SAVED SUCCESSFULLY] chapters/en/obj2_5_mitigation.html
[TRANS] [2026-05-31T10:54:13.307Z] [CHAPTER PROGRESS] Beginning Chapter: obj3_1_architecture.html
[TRANS] [2026-05-31T10:54:13.307Z] Starting translation of chapter "obj3_1_architecture"...
[TRANS] [2026-05-31T10:54:13.308Z]   Translating section "intro" for "obj3_1_architecture"...
[TRANS] [2026-05-31T10:54:24.636Z]   Translating section "cloud" for "obj3_1_architecture"...
[TRANS] [2026-05-31T10:54:35.961Z]   Translating section "modern-arch" for "obj3_1_architecture"...
[TRANS] [2026-05-31T10:54:47.148Z]   Translating section "network-infra" for "obj3_1_architecture"...
[TRANS] [2026-05-31T10:54:58.321Z]   Translating section "deployment" for "obj3_1_architecture"...
[TRANS] [2026-05-31T10:55:09.483Z]   Translating section "specialized" for "obj3_1_architecture"...
[TRANS] [2026-05-31T10:55:20.645Z]   Translating section "considerations-section" for "obj3_1_architecture"...
[TRANS] [2026-05-31T10:55:31.811Z]   Translating section "jump-server" for "obj3_1_architecture"...
[TRANS] [2026-05-31T10:55:43.017Z]   Translating section "quiz-section" for "obj3_1_architecture"...
[TRANS] [2026-05-31T10:55:54.209Z]   Translating section "flashcard" for "obj3_1_architecture"...
[TRANS] [2026-05-31T10:56:05.408Z] Successfully saved fully English translated and styled: chapters/en/obj3_1_architecture.html
[TRANS] [2026-05-31T10:56:05.408Z] [CHAPTER SAVED SUCCESSFULLY] chapters/en/obj3_1_architecture.html
[TRANS] [2026-05-31T10:56:10.410Z] [CHAPTER PROGRESS] Beginning Chapter: obj3_2_infrastructure.html
[TRANS] [2026-05-31T10:56:10.410Z] Starting translation of chapter "obj3_2_infrastructure"...
[TRANS] [2026-05-31T10:56:10.411Z]   Translating section "intro" for "obj3_2_infrastructure"...
[TRANS] [2026-05-31T10:56:21.714Z]   Translating section "infra" for "obj3_2_infrastructure"...
[TRANS] [2026-05-31T10:56:33.025Z]   Translating section "appliances" for "obj3_2_infrastructure"...
[TRANS] [2026-05-31T10:56:44.195Z]   Translating section "port-sec" for "obj3_2_infrastructure"...
[TRANS] [2026-05-31T10:56:55.373Z]   Translating section "firewall-types" for "obj3_2_infrastructure"...
[TRANS] [2026-05-31T10:57:06.559Z]   Translating section "secure-access" for "obj3_2_infrastructure"...
[TRANS] [2026-05-31T10:57:17.789Z]   Translating section "quiz-section" for "obj3_2_infrastructure"...
[TRANS] [2026-05-31T10:57:28.939Z]   Translating section "flashcard" for "obj3_2_infrastructure"...
[TRANS] [2026-05-31T10:57:40.100Z] Successfully saved fully English translated and styled: chapters/en/obj3_2_infrastructure.html
[TRANS] [2026-05-31T10:57:40.100Z] [CHAPTER SAVED SUCCESSFULLY] chapters/en/obj3_2_infrastructure.html
[TRANS] [2026-05-31T10:57:45.102Z] [CHAPTER PROGRESS] Beginning Chapter: obj3_3_data_protection.html
[TRANS] [2026-05-31T10:57:45.102Z] Starting translation of chapter "obj3_3_data_protection"...
[TRANS] [2026-05-31T10:57:45.103Z]   Translating section "intro" for "obj3_3_data_protection"...
[TRANS] [2026-05-31T10:57:56.304Z]   Translating section "data-types" for "obj3_3_data_protection"...
[TRANS] [2026-05-31T10:58:07.481Z]   Translating section "data-classifications" for "obj3_3_data_protection"...
[TRANS] [2026-05-31T10:58:18.647Z]   Translating section "general-considerations" for "obj3_3_data_protection"...
[TRANS] [2026-05-31T10:58:29.934Z]   Translating section "protection-methods" for "obj3_3_data_protection"...
[TRANS] [2026-05-31T10:58:41.155Z]   Translating section "data-lifecycle" for "obj3_3_data_protection"...
[TRANS] [2026-05-31T10:58:52.355Z]   Translating section "quiz-section" for "obj3_3_data_protection"...
[TRANS] [2026-05-31T10:59:03.511Z]   Translating section "flashcard" for "obj3_3_data_protection"...
[TRANS] [2026-05-31T10:59:14.763Z] Successfully saved fully English translated and styled: chapters/en/obj3_3_data_protection.html
[TRANS] [2026-05-31T10:59:14.764Z] [CHAPTER SAVED SUCCESSFULLY] chapters/en/obj3_3_data_protection.html
[TRANS] [2026-05-31T10:59:19.771Z] [CHAPTER PROGRESS] Beginning Chapter: obj3_4_resilience.html
[TRANS] [2026-05-31T10:59:19.771Z] Starting translation of chapter "obj3_4_resilience"...
[TRANS] [2026-05-31T10:59:19.772Z]   Translating section "intro" for "obj3_4_resilience"...
[TRANS] [2026-05-31T10:59:30.977Z]   Translating section "high-availability" for "obj3_4_resilience"...
[TRANS] [2026-05-31T10:59:42.182Z]   Translating section "recovery-sites" for "obj3_4_resilience"...
[TRANS] [2026-05-31T10:59:53.332Z]   Translating section "continuity-section" for "obj3_4_resilience"...
[TRANS] [2026-05-31T11:00:04.528Z]   Translating section "backup-recovery" for "obj3_4_resilience"...
[TRANS] [2026-05-31T11:00:15.695Z]   Translating section "power-section" for "obj3_4_resilience"...
[TRANS] [2026-05-31T11:00:26.867Z]   Translating section "testing-section" for "obj3_4_resilience"...
[TRANS] [2026-05-31T11:00:38.049Z]   Translating section "plans" for "obj3_4_resilience"...
[TRANS] [2026-05-31T11:00:49.237Z]   Translating section "quiz-section" for "obj3_4_resilience"...
[TRANS] [2026-05-31T11:01:00.421Z]   Translating section "flashcard" for "obj3_4_resilience"...
[TRANS] [2026-05-31T11:01:11.594Z] Successfully saved fully English translated and styled: chapters/en/obj3_4_resilience.html
[TRANS] [2026-05-31T11:01:11.594Z] [CHAPTER SAVED SUCCESSFULLY] chapters/en/obj3_4_resilience.html
[TRANS] [2026-05-31T11:01:16.596Z] [CHAPTER PROGRESS] Beginning Chapter: obj4_1_computing_resources.html
[TRANS] [2026-05-31T11:01:16.596Z] Starting translation of chapter "obj4_1_computing_resources"...
[TRANS] [2026-05-31T11:01:16.598Z]   Translating section "intro" for "obj4_1_computing_resources"...
[TRANS] [2026-05-31T11:01:27.813Z]   Translating section "secure-baselines" for "obj4_1_computing_resources"...
[TRANS] [2026-05-31T11:01:38.958Z]   Translating section "hardening-targets" for "obj4_1_computing_resources"...
[TRANS] [2026-05-31T11:01:50.283Z]   Translating section "wireless-security" for "obj4_1_computing_resources"...
[TRANS] [2026-05-31T11:02:01.467Z]   Translating section "mobile-solutions" for "obj4_1_computing_resources"...
[TRANS] [2026-05-31T11:02:12.672Z]   Translating section "wireless-security-settings" for "obj4_1_computing_resources"...
[TRANS] [2026-05-31T11:02:23.851Z]   Translating section "application-security" for "obj4_1_computing_resources"...
[TRANS] [2026-05-31T11:02:35.030Z]   Translating section "host-security" for "obj4_1_computing_resources"...
[TRANS] [2026-05-31T11:02:46.215Z]   Translating section "quiz-section" for "obj4_1_computing_resources"...
[TRANS] [2026-05-31T11:02:57.382Z]   Translating section "flashcard" for "obj4_1_computing_resources"...
[TRANS] [2026-05-31T11:03:08.663Z] Successfully saved fully English translated and styled: chapters/en/obj4_1_computing_resources.html
[TRANS] [2026-05-31T11:03:08.663Z] [CHAPTER SAVED SUCCESSFULLY] chapters/en/obj4_1_computing_resources.html
[TRANS] [2026-05-31T11:03:13.664Z] [CHAPTER PROGRESS] Beginning Chapter: obj4_2_asset_management.html
[TRANS] [2026-05-31T11:03:13.664Z] Starting translation of chapter "obj4_2_asset_management"...
[TRANS] [2026-05-31T11:03:13.664Z]   Translating section "intro" for "obj4_2_asset_management"...
[TRANS] [2026-05-31T11:03:24.847Z]   Translating section "lifecycle" for "obj4_2_asset_management"...
[TRANS] [2026-05-31T11:03:36.043Z]   Translating section "tracking" for "obj4_2_asset_management"...
[TRANS] [2026-05-31T11:03:47.332Z]   Translating section "mobile-deploy" for "obj4_2_asset_management"...
[TRANS] [2026-05-31T11:03:58.503Z]   Translating section "network-hardening" for "obj4_2_asset_management"...
[TRANS] [2026-05-31T11:04:09.694Z]   Translating section "automation" for "obj4_2_asset_management"...
[TRANS] [2026-05-31T11:04:20.871Z]   Translating section "sanitization" for "obj4_2_asset_management"...
[TRANS] [2026-05-31T11:04:32.063Z]   Translating section "quiz-section" for "obj4_2_asset_management"...
[TRANS] [2026-05-31T11:04:43.366Z]   Translating section "flashcard" for "obj4_2_asset_management"...
[TRANS] [2026-05-31T11:04:54.574Z] Successfully saved fully English translated and styled: chapters/en/obj4_2_asset_management.html
[TRANS] [2026-05-31T11:04:54.575Z] [CHAPTER SAVED SUCCESSFULLY] chapters/en/obj4_2_asset_management.html
[TRANS] [2026-05-31T11:04:59.576Z] [CHAPTER PROGRESS] Beginning Chapter: obj4_3_vulnerability_management.html
[TRANS] [2026-05-31T11:04:59.576Z] Starting translation of chapter "obj4_3_vulnerability_management"...
[TRANS] [2026-05-31T11:04:59.578Z]   Translating section "intro" for "obj4_3_vulnerability_management"...
[TRANS] [2026-05-31T11:05:10.797Z]   Translating section "threat-intelligence" for "obj4_3_vulnerability_management"...
[TRANS] [2026-05-31T11:05:22.022Z]   Translating section "scan-types" for "obj4_3_vulnerability_management"...
[TRANS] [2026-05-31T11:05:33.226Z]   Translating section "recon-pentest" for "obj4_3_vulnerability_management"...
[TRANS] [2026-05-31T11:05:44.428Z]   Translating section "audit-tools" for "obj4_3_vulnerability_management"...
[TRANS] [2026-05-31T11:05:55.594Z]   Translating section "code-analysis" for "obj4_3_vulnerability_management"...
[TRANS] [2026-05-31T11:06:06.803Z]   Translating section "validation" for "obj4_3_vulnerability_management"...
[TRANS] [2026-05-31T11:06:18.010Z]   Translating section "cvss" for "obj4_3_vulnerability_management"...
[TRANS] [2026-05-31T11:06:29.183Z]   Translating section "remediation" for "obj4_3_vulnerability_management"...
[TRANS] [2026-05-31T11:06:40.361Z]   Translating section "sandbox" for "obj4_3_vulnerability_management"...
[TRANS] [2026-05-31T11:06:51.578Z]   Translating section "reporting-disclosure" for "obj4_3_vulnerability_management"...
[TRANS] [2026-05-31T11:07:02.750Z]   Translating section "quiz-section" for "obj4_3_vulnerability_management"...
[TRANS] [2026-05-31T11:07:13.901Z]   Translating section "flashcard" for "obj4_3_vulnerability_management"...
[TRANS] [2026-05-31T11:07:25.063Z] Successfully saved fully English translated and styled: chapters/en/obj4_3_vulnerability_management.html
[TRANS] [2026-05-31T11:07:25.063Z] [CHAPTER SAVED SUCCESSFULLY] chapters/en/obj4_3_vulnerability_management.html
[TRANS] [2026-05-31T11:07:30.064Z] [CHAPTER PROGRESS] Beginning Chapter: obj4_4_alerting_monitoring.html
[TRANS] [2026-05-31T11:07:30.064Z] Starting translation of chapter "obj4_4_alerting_monitoring"...
[TRANS] [2026-05-31T11:07:30.065Z]   Translating section "intro" for "obj4_4_alerting_monitoring"...
[TRANS] [2026-05-31T11:07:41.260Z]   Translating section "agent-vs-agentless" for "obj4_4_alerting_monitoring"...
[TRANS] [2026-05-31T11:07:52.574Z]   Translating section "dlp" for "obj4_4_alerting_monitoring"...
[TRANS] [2026-05-31T11:08:03.739Z]   Translating section "behavioral-analytics" for "obj4_4_alerting_monitoring"...
[TRANS] [2026-05-31T11:08:14.958Z]   Translating section "resource-consumption" for "obj4_4_alerting_monitoring"...
[TRANS] [2026-05-31T11:08:26.175Z]   Translating section "monitoring-activities" for "obj4_4_alerting_monitoring"...
[TRANS] [2026-05-31T11:08:37.405Z]   Translating section "advanced-tools" for "obj4_4_alerting_monitoring"...
[TRANS] [2026-05-31T11:08:48.599Z]   Translating section "cli-tools" for "obj4_4_alerting_monitoring"...
[TRANS] [2026-05-31T11:08:59.796Z]   Translating section "compliance-updates" for "obj4_4_alerting_monitoring"...
[TRANS] [2026-05-31T11:09:10.986Z]   Translating section "quiz-section" for "obj4_4_alerting_monitoring"...
[TRANS] [2026-05-31T11:09:22.197Z]   Translating section "flashcard" for "obj4_4_alerting_monitoring"...
[TRANS] [2026-05-31T11:09:33.410Z] Successfully saved fully English translated and styled: chapters/en/obj4_4_alerting_monitoring.html
[TRANS] [2026-05-31T11:09:33.410Z] [CHAPTER SAVED SUCCESSFULLY] chapters/en/obj4_4_alerting_monitoring.html
[TRANS] [2026-05-31T11:09:38.411Z] [CHAPTER PROGRESS] Beginning Chapter: obj4_5_incident_response.html
[TRANS] [2026-05-31T11:09:38.412Z] Starting translation of chapter "obj4_5_incident_response"...
[TRANS] [2026-05-31T11:09:38.413Z]   Translating section "firewall_acls" for "obj4_5_incident_response"...
[TRANS] [2026-05-31T11:09:49.665Z]   Translating section "dns_containment" for "obj4_5_incident_response"...
[TRANS] [2026-05-31T11:10:00.976Z]   Translating section "web_filters" for "obj4_5_incident_response"...
[TRANS] [2026-05-31T11:10:12.158Z]   Translating section "ids_ips" for "obj4_5_incident_response"...
[TRANS] [2026-05-31T11:10:23.349Z]   Translating section "waf_hardening" for "obj4_5_incident_response"...
[TRANS] [2026-05-31T11:10:34.518Z]   Translating section "deception" for "obj4_5_incident_response"...
[TRANS] [2026-05-31T11:10:45.710Z]   Translating section "vpn_quarantine" for "obj4_5_incident_response"...
[TRANS] [2026-05-31T11:10:56.981Z]   Translating section "email_security" for "obj4_5_incident_response"...
[TRANS] [2026-05-31T11:11:08.282Z]   Translating section "os_security" for "obj4_5_incident_response"...
[TRANS] [2026-05-31T11:11:19.479Z]   Translating section "detection_control" for "obj4_5_incident_response"...
[TRANS] [2026-05-31T11:11:30.667Z]   Translating section "quiz-section" for "obj4_5_incident_response"...
[TRANS] [2026-05-31T11:11:41.873Z]   Translating section "flashcard" for "obj4_5_incident_response"...
[TRANS] [2026-05-31T11:11:53.054Z] Successfully saved fully English translated and styled: chapters/en/obj4_5_incident_response.html
[TRANS] [2026-05-31T11:11:53.055Z] [CHAPTER SAVED SUCCESSFULLY] chapters/en/obj4_5_incident_response.html
[TRANS] [2026-05-31T11:11:58.057Z] [CHAPTER PROGRESS] Beginning Chapter: obj4_6_identity_access.html
[TRANS] [2026-05-31T11:11:58.057Z] Starting translation of chapter "obj4_6_identity_access"...
[TRANS] [2026-05-31T11:11:58.058Z]   Translating section "aaa_fundamentals" for "obj4_6_identity_access"...
[TRANS] [2026-05-31T11:12:09.371Z]   Translating section "account_security" for "obj4_6_identity_access"...
[TRANS] [2026-05-31T11:12:20.524Z]   Translating section "mfa_factors" for "obj4_6_identity_access"...
[TRANS] [2026-05-31T11:12:31.679Z]   Translating section "password_policies" for "obj4_6_identity_access"...
[TRANS] [2026-05-31T11:12:42.882Z]   Translating section "password_attacks" for "obj4_6_identity_access"...
[TRANS] [2026-05-31T11:12:54.064Z]   Translating section "sso_federation" for "obj4_6_identity_access"...
[TRANS] [2026-05-31T11:13:05.268Z]   Translating section "auth_protocols" for "obj4_6_identity_access"...
[TRANS] [2026-05-31T11:13:16.438Z]   Translating section "access_models" for "obj4_6_identity_access"...
[TRANS] [2026-05-31T11:13:27.640Z]   Translating section "time_access" for "obj4_6_identity_access"...
[TRANS] [2026-05-31T11:13:38.803Z]   Translating section "pam_gpo" for "obj4_6_identity_access"...
[TRANS] [2026-05-31T11:13:49.990Z]   Translating section "quiz-section" for "obj4_6_identity_access"...
[TRANS] [2026-05-31T11:14:01.178Z]   Translating section "flashcard" for "obj4_6_identity_access"...
[TRANS] [2026-05-31T11:14:12.370Z] Successfully saved fully English translated and styled: chapters/en/obj4_6_identity_access.html
[TRANS] [2026-05-31T11:14:12.370Z] [CHAPTER SAVED SUCCESSFULLY] chapters/en/obj4_6_identity_access.html
[TRANS] [2026-05-31T11:14:17.371Z] [CHAPTER PROGRESS] Beginning Chapter: obj4_7_automation_orchestration.html
[TRANS] [2026-05-31T11:14:17.371Z] Starting translation of chapter "obj4_7_automation_orchestration"...
[TRANS] [2026-05-31T11:14:17.372Z]   Translating section "fondamenti" for "obj4_7_automation_orchestration"...
[TRANS] [2026-05-31T11:14:28.536Z]   Translating section "soar_concept" for "obj4_7_automation_orchestration"...
[TRANS] [2026-05-31T11:14:39.804Z]   Translating section "nextgen_siem" for "obj4_7_automation_orchestration"...
[TRANS] [2026-05-31T11:14:50.982Z]   Translating section "playbooks_runbooks" for "obj4_7_automation_orchestration"...
[TRANS] [2026-05-31T11:15:02.175Z]   Translating section "alert_tuning" for "obj4_7_automation_orchestration"...
[TRANS] [2026-05-31T11:15:13.479Z]   Translating section "automation_usecases" for "obj4_7_automation_orchestration"...
[TRANS] [2026-05-31T11:15:24.695Z]   Translating section "automation_benefits" for "obj4_7_automation_orchestration"...
[TRANS] [2026-05-31T11:15:35.887Z]   Translating section "automation_considerations" for "obj4_7_automation_orchestration"...
[TRANS] [2026-05-31T11:15:47.098Z]   Translating section "ca_patching" for "obj4_7_automation_orchestration"...
[TRANS] [2026-05-31T11:15:58.278Z]   Translating section "wpa3_sae" for "obj4_7_automation_orchestration"...
[TRANS] [2026-05-31T11:16:09.455Z]   Translating section "quiz-section" for "obj4_7_automation_orchestration"...
[TRANS] [2026-05-31T11:16:20.632Z]   Translating section "flashcard" for "obj4_7_automation_orchestration"...
[TRANS] [2026-05-31T11:16:31.818Z] Successfully saved fully English translated and styled: chapters/en/obj4_7_automation_orchestration.html
[TRANS] [2026-05-31T11:16:31.818Z] [CHAPTER SAVED SUCCESSFULLY] chapters/en/obj4_7_automation_orchestration.html
[TRANS] [2026-05-31T11:16:36.820Z] [CHAPTER PROGRESS] Beginning Chapter: obj4_8_incident_response.html
[TRANS] [2026-05-31T11:16:36.820Z] Starting translation of chapter "obj4_8_incident_response"...
[TRANS] [2026-05-31T11:16:36.821Z]   Translating section "ir_lifecycle" for "obj4_8_incident_response"...
[TRANS] [2026-05-31T11:16:48.020Z]   Translating section "containment_limit" for "obj4_8_incident_response"...
[TRANS] [2026-05-31T11:16:59.177Z]   Translating section "lessons_learned_report" for "obj4_8_incident_response"...
[TRANS] [2026-05-31T11:17:10.333Z]   Translating section "tabletop_exercises" for "obj4_8_incident_response"...
[TRANS] [2026-05-31T11:17:21.503Z]   Translating section "threat_hunting_intro" for "obj4_8_incident_response"...
[TRANS] [2026-05-31T11:17:32.658Z]   Translating section "chain_of_custody_pki" for "obj4_8_incident_response"...
[TRANS] [2026-05-31T11:17:43.850Z]   Translating section "yellow_team" for "obj4_8_incident_response"...
[TRANS] [2026-05-31T11:17:55.044Z]   Translating section "quiz-section" for "obj4_8_incident_response"...
[TRANS] [2026-05-31T11:18:06.209Z]   Translating section "flashcard" for "obj4_8_incident_response"...
[TRANS] [2026-05-31T11:18:17.392Z] Successfully saved fully English translated and styled: chapters/en/obj4_8_incident_response.html
[TRANS] [2026-05-31T11:18:17.392Z] [CHAPTER SAVED SUCCESSFULLY] chapters/en/obj4_8_incident_response.html
[TRANS] [2026-05-31T11:18:22.393Z] [CHAPTER PROGRESS] Beginning Chapter: obj4_9_data_sources.html
[TRANS] [2026-05-31T11:18:22.393Z] Starting translation of chapter "obj4_9_data_sources"...
[TRANS] [2026-05-31T11:18:22.394Z]   Translating section "network_firewall_logs" for "obj4_9_data_sources"...
[TRANS] [2026-05-31T11:18:33.587Z]   Translating section "ips_packet_captures" for "obj4_9_data_sources"...
[TRANS] [2026-05-31T11:18:44.745Z]   Translating section "vpn_impossible_travel" for "obj4_9_data_sources"...
[TRANS] [2026-05-31T11:18:55.939Z]   Translating section "waf_injection" for "obj4_9_data_sources"...
[TRANS] [2026-05-31T11:19:07.121Z]   Translating section "siem_aggregation" for "obj4_9_data_sources"...
[TRANS] [2026-05-31T11:19:18.288Z]   Translating section "agent_vs_agentless" for "obj4_9_data_sources"...
[TRANS] [2026-05-31T11:19:29.486Z]   Translating section "dashboards_metrics" for "obj4_9_data_sources"...
[TRANS] [2026-05-31T11:19:40.778Z]   Translating section "vuln_scans_investigation" for "obj4_9_data_sources"...
[TRANS] [2026-05-31T11:19:51.975Z]   Translating section "brute_force_failure" for "obj4_9_data_sources"...
[TRANS] [2026-05-31T11:20:03.192Z]   Translating section "quiz-section" for "obj4_9_data_sources"...
[TRANS] [2026-05-31T11:20:14.360Z]   Translating section "flashcard" for "obj4_9_data_sources"...
[TRANS] [2026-05-31T11:20:25.533Z] Successfully saved fully English translated and styled: chapters/en/obj4_9_data_sources.html
[TRANS] [2026-05-31T11:20:25.533Z] [CHAPTER SAVED SUCCESSFULLY] chapters/en/obj4_9_data_sources.html
[TRANS] [2026-05-31T11:20:30.534Z] [CHAPTER PROGRESS] Beginning Chapter: obj5_1_governance.html
[TRANS] [2026-05-31T11:20:30.534Z] Starting translation of chapter "obj5_1_governance"...
[TRANS] [2026-05-31T11:20:30.535Z]   Translating section "gov_docs" for "obj5_1_governance"...
[TRANS] [2026-05-31T11:20:41.702Z]   Translating section "gov_structures_external" for "obj5_1_governance"...
[TRANS] [2026-05-31T11:20:53.034Z]   Translating section "aup_expectations" for "obj5_1_governance"...
[TRANS] [2026-05-31T11:21:04.250Z]   Translating section "nda_conflict" for "obj5_1_governance"...
[TRANS] [2026-05-31T11:21:15.417Z]   Translating section "personnel_security" for "obj5_1_governance"...
[TRANS] [2026-05-31T11:21:26.602Z]   Translating section "data_roles" for "obj5_1_governance"...
[TRANS] [2026-05-31T11:21:37.807Z]   Translating section "dev_peer_review" for "obj5_1_governance"...
[TRANS] [2026-05-31T11:21:49.106Z]   Translating section "risk_continuity" for "obj5_1_governance"...
[TRANS] [2026-05-31T11:22:00.302Z]   Translating section "retention_sanitization" for "obj5_1_governance"...
[TRANS] [2026-05-31T11:22:11.501Z]   Translating section "awareness_updates" for "obj5_1_governance"...
[TRANS] [2026-05-31T11:22:22.715Z]   Translating section "quiz-section" for "obj5_1_governance"...
[TRANS] [2026-05-31T11:22:33.898Z]   Translating section "flashcard" for "obj5_1_governance"...
[TRANS] [2026-05-31T11:22:45.078Z] Successfully saved fully English translated and styled: chapters/en/obj5_1_governance.html
[TRANS] [2026-05-31T11:22:45.078Z] [CHAPTER SAVED SUCCESSFULLY] chapters/en/obj5_1_governance.html
[TRANS] [2026-05-31T11:22:50.079Z] [CHAPTER PROGRESS] Beginning Chapter: obj5_2_risk_management.html
[TRANS] [2026-05-31T11:22:50.079Z] Starting translation of chapter "obj5_2_risk_management"...
[TRANS] [2026-05-31T11:22:50.080Z]   Translating section "risk_id_cycle" for "obj5_2_risk_management"...
[TRANS] [2026-05-31T11:23:01.315Z]   Translating section "risk_elements" for "obj5_2_risk_management"...
[TRANS] [2026-05-31T11:23:12.524Z]   Translating section "quant_qual_analysis" for "obj5_2_risk_management"...
[TRANS] [2026-05-31T11:23:23.705Z]   Translating section "formulas" for "obj5_2_risk_management"...
[TRANS] [2026-05-31T11:23:34.999Z]   Translating section "register" for "obj5_2_risk_management"...
[TRANS] [2026-05-31T11:23:46.166Z]   Translating section "appetite_tolerance" for "obj5_2_risk_management"...
[TRANS] [2026-05-31T11:23:57.359Z]   Translating section "treatment_strategies" for "obj5_2_risk_management"...
[TRANS] [2026-05-31T11:24:08.567Z]   Translating section "compensating" for "obj5_2_risk_management"...
[TRANS] [2026-05-31T11:24:19.749Z]   Translating section "risk_reporting" for "obj5_2_risk_management"...
[TRANS] [2026-05-31T11:24:31.057Z]   Translating section "bia" for "obj5_2_risk_management"...
[TRANS] [2026-05-31T11:24:42.240Z]   Translating section "quiz-section" for "obj5_2_risk_management"...
[TRANS] [2026-05-31T11:24:53.429Z]   Translating section "flashcard" for "obj5_2_risk_management"...
[TRANS] [2026-05-31T11:25:04.731Z] Successfully saved fully English translated and styled: chapters/en/obj5_2_risk_management.html
[TRANS] [2026-05-31T11:25:04.731Z] [CHAPTER SAVED SUCCESSFULLY] chapters/en/obj5_2_risk_management.html
[TRANS] [2026-05-31T11:25:09.733Z] [CHAPTER PROGRESS] Beginning Chapter: obj5_3_third_party.html
[TRANS] [2026-05-31T11:25:09.733Z] Starting translation of chapter "obj5_3_third_party"...
[TRANS] [2026-05-31T11:25:09.734Z]   Translating section "vendor_assessment" for "obj5_3_third_party"...
[TRANS] [2026-05-31T11:25:20.903Z]   Translating section "supply_chain" for "obj5_3_third_party"...
[TRANS] [2026-05-31T11:25:32.075Z]   Translating section "vendor_selection" for "obj5_3_third_party"...
[TRANS] [2026-05-31T11:25:43.259Z]   Translating section "agreement_types" for "obj5_3_third_party"...
[TRANS] [2026-05-31T11:25:54.545Z]   Translating section "sla_focus" for "obj5_3_third_party"...
[TRANS] [2026-05-31T11:26:05.711Z]   Translating section "monitoring" for "obj5_3_third_party"...
[TRANS] [2026-05-31T11:26:16.912Z]   Translating section "quiz-section" for "obj5_3_third_party"...
[TRANS] [2026-05-31T11:26:28.089Z]   Translating section "flashcard" for "obj5_3_third_party"...
[TRANS] [2026-05-31T11:26:39.273Z] Successfully saved fully English translated and styled: chapters/en/obj5_3_third_party.html
[TRANS] [2026-05-31T11:26:39.273Z] [CHAPTER SAVED SUCCESSFULLY] chapters/en/obj5_3_third_party.html
[TRANS] [2026-05-31T11:26:44.274Z] [CHAPTER PROGRESS] Beginning Chapter: obj5_4_security_compliance.html
[TRANS] [2026-05-31T11:26:44.274Z] Starting translation of chapter "obj5_4_security_compliance"...
[TRANS] [2026-05-31T11:26:44.275Z]   Translating section "reporting" for "obj5_4_security_compliance"...
[TRANS] [2026-05-31T11:26:55.605Z]   Translating section "consequences" for "obj5_4_security_compliance"...
[TRANS] [2026-05-31T11:27:06.822Z]   Translating section "monitoring" for "obj5_4_security_compliance"...
[TRANS] [2026-05-31T11:27:18.034Z]   Translating section "privacy" for "obj5_4_security_compliance"...
[TRANS] [2026-05-31T11:27:29.245Z]   Translating section "data_management" for "obj5_4_security_compliance"...
[TRANS] [2026-05-31T11:27:40.434Z]   Translating section "legal_gap" for "obj5_4_security_compliance"...
[TRANS] [2026-05-31T11:27:51.719Z]   Translating section "quiz-section" for "obj5_4_security_compliance"...
[TRANS] [2026-05-31T11:28:02.925Z]   Translating section "flashcard" for "obj5_4_security_compliance"...
[TRANS] [2026-05-31T11:28:14.132Z] Successfully saved fully English translated and styled: chapters/en/obj5_4_security_compliance.html
[TRANS] [2026-05-31T11:28:14.132Z] [CHAPTER SAVED SUCCESSFULLY] chapters/en/obj5_4_security_compliance.html
[TRANS] [2026-05-31T11:28:19.132Z] [CHAPTER PROGRESS] Beginning Chapter: obj5_5_audits_assessments.html
[TRANS] [2026-05-31T11:28:19.133Z] Starting translation of chapter "obj5_5_audits_assessments"...
[TRANS] [2026-05-31T11:28:19.133Z] [CHAPTER SAVED SUCCESSFULLY] chapters/en/obj5_5_audits_assessments.html
[TRANS] [2026-05-31T11:28:24.134Z] [CHAPTER PROGRESS] Beginning Chapter: obj5_6_security_awareness.html
[TRANS] [2026-05-31T11:28:24.134Z] Starting translation of chapter "obj5_6_security_awareness"...
[TRANS] [2026-05-31T11:28:24.138Z]   Translating section "phishing_campaigns" for "obj5_6_security_awareness"...
[TRANS] [2026-05-31T11:28:35.320Z]   Translating section "smishing_section" for "obj5_6_security_awareness"...
[TRANS] [2026-05-31T11:28:46.520Z]   Translating section "anomalous_behavior" for "obj5_6_security_awareness"...
[TRANS] [2026-05-31T11:28:57.702Z]   Translating section "vendor_compromise" for "obj5_6_security_awareness"...
[TRANS] [2026-05-31T11:29:08.893Z]   Translating section "user_guidance" for "obj5_6_security_awareness"...
[TRANS] [2026-05-31T11:29:20.059Z]   Translating section "situational_awareness" for "obj5_6_security_awareness"...
[TRANS] [2026-05-31T11:29:31.275Z]   Translating section "insider_threats" for "obj5_6_security_awareness"...
[TRANS] [2026-05-31T11:29:42.436Z]   Translating section "curriculum_planning" for "obj5_6_security_awareness"...
[TRANS] [2026-05-31T11:29:53.636Z]   Translating section "quiz-section" for "obj5_6_security_awareness"...
[TRANS] [2026-05-31T11:30:04.808Z]   Translating section "flashcard" for "obj5_6_security_awareness"...
[TRANS] [2026-05-31T11:30:15.980Z] Successfully saved fully English translated and styled: chapters/en/obj5_6_security_awareness.html
[TRANS] [2026-05-31T11:30:15.980Z] [CHAPTER SAVED SUCCESSFULLY] chapters/en/obj5_6_security_awareness.html
[TRANS] [2026-05-31T11:30:20.980Z] ALL CHAPTER TRANSLATIONS PROCESSED SUCCESSFULLY.
[TRANS] [2026-05-31T12:52:06.223Z] STARTING HIGH-FIDELITY SECTION-BY-SECTION CHAPTER TRANSLATION ENGINE...
[TRANS] [2026-05-31T12:52:06.225Z] Found 28 chapter files for translating.
[TRANS] [2026-05-31T12:52:06.225Z] [CHAPTER PROGRESS] Beginning Chapter: obj1_1_security_controls.html
[TRANS] [2026-05-31T12:52:06.225Z] Starting translation of chapter "obj1_1_security_controls"...
[TRANS] [2026-05-31T12:52:06.228Z]   Translating section "intro" for "obj1_1_security_controls"...
[TRANS] [2026-05-31T12:52:16.060Z]   Translating section "categorie" for "obj1_1_security_controls"...
[TRANS] [2026-05-31T12:52:41.515Z]   Translating section "tipi" for "obj1_1_security_controls"...
[TRANS] [2026-05-31T12:53:47.684Z]   Translating section "matrice" for "obj1_1_security_controls"...
[TRANS] [2026-05-31T12:53:59.149Z]   Translating section "insidie" for "obj1_1_security_controls"...
[TRANS] [2026-05-31T12:54:10.357Z]   Translating section "quiz-section" for "obj1_1_security_controls"...
[TRANS] [2026-05-31T12:54:20.110Z] STARTING HIGH-FIDELITY SECTION-BY-SECTION CHAPTER TRANSLATION ENGINE...
[TRANS] [2026-05-31T12:54:20.112Z] Found 28 chapter files for translating.
[TRANS] [2026-05-31T12:54:20.113Z] [SKIP] Already fully English translated and styled: obj1_1_security_controls.html
[TRANS] [2026-05-31T12:54:20.114Z] [SKIP] Already fully English translated and styled: obj1_2_fundamental_concepts.html
[TRANS] [2026-05-31T12:54:20.115Z] [SKIP] Already fully English translated and styled: obj1_3_change_management.html
[TRANS] [2026-05-31T12:54:20.115Z] [SKIP] Already fully English translated and styled: obj1_4_cryptography.html
[TRANS] [2026-05-31T12:54:20.116Z] [SKIP] Already fully English translated and styled: obj2_1_threat_actors.html
[TRANS] [2026-05-31T12:54:20.116Z] [SKIP] Already fully English translated and styled: obj2_2_threat_vectors.html
[TRANS] [2026-05-31T12:54:20.118Z] [SKIP] Already fully English translated and styled: obj2_3_vulnerabilities.html
[TRANS] [2026-05-31T12:54:20.119Z] [SKIP] Already fully English translated and styled: obj2_4_malicious_activity.html
[TRANS] [2026-05-31T12:54:20.122Z] [SKIP] Already fully English translated and styled: obj2_5_mitigation.html
[TRANS] [2026-05-31T12:54:20.122Z] [SKIP] Already fully English translated and styled: obj3_1_architecture.html
[TRANS] [2026-05-31T12:54:20.123Z] [SKIP] Already fully English translated and styled: obj3_2_infrastructure.html
[TRANS] [2026-05-31T12:54:20.123Z] [SKIP] Already fully English translated and styled: obj3_3_data_protection.html
[TRANS] [2026-05-31T12:54:20.123Z] [SKIP] Already fully English translated and styled: obj3_4_resilience.html
[TRANS] [2026-05-31T12:54:20.124Z] [SKIP] Already fully English translated and styled: obj4_1_computing_resources.html
[TRANS] [2026-05-31T12:54:20.124Z] [CHAPTER PROGRESS] Beginning Chapter: obj4_2_asset_management.html
[TRANS] [2026-05-31T12:54:20.125Z] Starting translation of chapter "obj4_2_asset_management"...
[TRANS] [2026-05-31T12:54:20.126Z]   Translating section "intro" for "obj4_2_asset_management"...
[TRANS] [2026-05-31T12:54:21.558Z]   Translating section "flashcard" for "obj1_1_security_controls"...
[TRANS] [2026-05-31T12:54:31.589Z]   Translating section "lifecycle" for "obj4_2_asset_management"...
[TRANS] [2026-05-31T12:54:32.756Z] Successfully saved fully English translated and styled: chapters/en_obj1_1_security_controls.html
[TRANS] [2026-05-31T12:54:32.756Z] [CHAPTER SAVED SUCCESSFULLY] chapters/en_obj1_1_security_controls.html
[TRANS] [2026-05-31T12:54:37.759Z] [SKIP] Already fully English translated and styled: obj1_2_fundamental_concepts.html
[TRANS] [2026-05-31T12:54:37.760Z] [SKIP] Already fully English translated and styled: obj1_3_change_management.html
[TRANS] [2026-05-31T12:54:37.762Z] [SKIP] Already fully English translated and styled: obj1_4_cryptography.html
[TRANS] [2026-05-31T12:54:37.762Z] [SKIP] Already fully English translated and styled: obj2_1_threat_actors.html
[TRANS] [2026-05-31T12:54:37.762Z] [SKIP] Already fully English translated and styled: obj2_2_threat_vectors.html
[TRANS] [2026-05-31T12:54:37.764Z] [SKIP] Already fully English translated and styled: obj2_3_vulnerabilities.html
[TRANS] [2026-05-31T12:54:37.765Z] [SKIP] Already fully English translated and styled: obj2_4_malicious_activity.html
[TRANS] [2026-05-31T12:54:37.765Z] [SKIP] Already fully English translated and styled: obj2_5_mitigation.html
[TRANS] [2026-05-31T12:54:37.766Z] [SKIP] Already fully English translated and styled: obj3_1_architecture.html
[TRANS] [2026-05-31T12:54:37.766Z] [SKIP] Already fully English translated and styled: obj3_2_infrastructure.html
[TRANS] [2026-05-31T12:54:37.767Z] [SKIP] Already fully English translated and styled: obj3_3_data_protection.html
[TRANS] [2026-05-31T12:54:37.767Z] [SKIP] Already fully English translated and styled: obj3_4_resilience.html
[TRANS] [2026-05-31T12:54:37.768Z] [SKIP] Already fully English translated and styled: obj4_1_computing_resources.html
[TRANS] [2026-05-31T12:54:37.768Z] [CHAPTER PROGRESS] Beginning Chapter: obj4_2_asset_management.html
[TRANS] [2026-05-31T12:54:37.768Z] Starting translation of chapter "obj4_2_asset_management"...
[TRANS] [2026-05-31T12:54:37.769Z]   Translating section "intro" for "obj4_2_asset_management"...
[TRANS] [2026-05-31T12:54:42.815Z]   Translating section "tracking" for "obj4_2_asset_management"...
[TRANS] [2026-05-31T12:54:48.985Z]   Translating section "lifecycle" for "obj4_2_asset_management"...
[TRANS] [2026-05-31T12:54:54.004Z]   Translating section "mobile-deploy" for "obj4_2_asset_management"...
[TRANS] [2026-05-31T12:55:00.195Z]   Translating section "tracking" for "obj4_2_asset_management"...
[TRANS] [2026-05-31T12:55:05.191Z]   Translating section "network-hardening" for "obj4_2_asset_management"...
[TRANS] [2026-05-31T12:55:11.405Z]   Translating section "mobile-deploy" for "obj4_2_asset_management"...
[TRANS] [2026-05-31T12:55:16.363Z]   Translating section "automation" for "obj4_2_asset_management"...
[TRANS] [2026-05-31T12:55:22.603Z]   Translating section "network-hardening" for "obj4_2_asset_management"...
[TRANS] [2026-05-31T12:55:27.539Z]   Translating section "sanitization" for "obj4_2_asset_management"...
[TRANS] [2026-05-31T12:55:33.809Z]   Translating section "automation" for "obj4_2_asset_management"...
[TRANS] [2026-05-31T12:55:38.305Z] STARTING HIGH-FIDELITY SECTION-BY-SECTION CHAPTER TRANSLATION ENGINE...
[TRANS] [2026-05-31T12:55:38.307Z] Found 28 chapter files for translating.
[TRANS] [2026-05-31T12:55:38.308Z] [SKIP] Already fully English translated and styled: obj1_1_security_controls.html
[TRANS] [2026-05-31T12:55:38.309Z] [SKIP] Already fully English translated and styled: obj1_2_fundamental_concepts.html
[TRANS] [2026-05-31T12:55:38.309Z] [SKIP] Already fully English translated and styled: obj1_3_change_management.html
[TRANS] [2026-05-31T12:55:38.310Z] [SKIP] Already fully English translated and styled: obj1_4_cryptography.html
[TRANS] [2026-05-31T12:55:38.310Z] [SKIP] Already fully English translated and styled: obj2_1_threat_actors.html
[TRANS] [2026-05-31T12:55:38.311Z] [SKIP] Already fully English translated and styled: obj2_2_threat_vectors.html
[TRANS] [2026-05-31T12:55:38.312Z] [SKIP] Already fully English translated and styled: obj2_3_vulnerabilities.html
[TRANS] [2026-05-31T12:55:38.313Z] [SKIP] Already fully English translated and styled: obj2_4_malicious_activity.html
[TRANS] [2026-05-31T12:55:38.315Z] [SKIP] Already fully English translated and styled: obj2_5_mitigation.html
[TRANS] [2026-05-31T12:55:38.316Z] [SKIP] Already fully English translated and styled: obj3_1_architecture.html
[TRANS] [2026-05-31T12:55:38.316Z] [SKIP] Already fully English translated and styled: obj3_2_infrastructure.html
[TRANS] [2026-05-31T12:55:38.317Z] [SKIP] Already fully English translated and styled: obj3_3_data_protection.html
[TRANS] [2026-05-31T12:55:38.317Z] [SKIP] Already fully English translated and styled: obj3_4_resilience.html
[TRANS] [2026-05-31T12:55:38.318Z] [SKIP] Already fully English translated and styled: obj4_1_computing_resources.html
[TRANS] [2026-05-31T12:55:38.318Z] [SKIP] Already fully English translated and styled: obj4_2_asset_management.html
[TRANS] [2026-05-31T12:55:38.319Z] [SKIP] Already fully English translated and styled: obj4_3_vulnerability_management.html
[TRANS] [2026-05-31T12:55:38.320Z] [SKIP] Already fully English translated and styled: obj4_4_alerting_monitoring.html
[TRANS] [2026-05-31T12:55:38.320Z] [SKIP] Already fully English translated and styled: obj4_5_incident_response.html
[TRANS] [2026-05-31T12:55:38.321Z] [SKIP] Already fully English translated and styled: obj4_6_identity_access.html
[TRANS] [2026-05-31T12:55:38.321Z] [SKIP] Already fully English translated and styled: obj4_7_automation_orchestration.html
[TRANS] [2026-05-31T12:55:38.321Z] [SKIP] Already fully English translated and styled: obj4_8_incident_response.html
[TRANS] [2026-05-31T12:55:38.321Z] [SKIP] Already fully English translated and styled: obj4_9_data_sources.html
[TRANS] [2026-05-31T12:55:38.321Z] [SKIP] Already fully English translated and styled: obj5_1_governance.html
[TRANS] [2026-05-31T12:55:38.322Z] [SKIP] Already fully English translated and styled: obj5_2_risk_management.html
[TRANS] [2026-05-31T12:55:38.322Z] [SKIP] Already fully English translated and styled: obj5_3_third_party.html
[TRANS] [2026-05-31T12:55:38.322Z] [SKIP] Already fully English translated and styled: obj5_4_security_compliance.html
[TRANS] [2026-05-31T12:55:38.322Z] [CHAPTER PROGRESS] Beginning Chapter: obj5_5_audits_assessments.html
[TRANS] [2026-05-31T12:55:38.323Z] Starting translation of chapter "obj5_5_audits_assessments"...
[TRANS] [2026-05-31T12:55:38.323Z] [CHAPTER SAVED SUCCESSFULLY] chapters/en_obj5_5_audits_assessments.html
[TRANS] [2026-05-31T12:55:38.736Z]   Translating section "quiz-section" for "obj4_2_asset_management"...
[TRANS] [2026-05-31T12:55:43.324Z] [SKIP] Already fully English translated and styled: obj5_6_security_awareness.html
[TRANS] [2026-05-31T12:55:43.325Z] ALL CHAPTER TRANSLATIONS PROCESSED SUCCESSFULLY.
